0 verbose cli /usr/local/bin/node /usr/local/lib/node_modules/npm/bin/npm-cli.js
1 info using npm@8.19.2
2 info using node@v16.18.0
3 timing npm:load:whichnode Completed in 0ms
4 timing config:load:defaults Completed in 1ms
5 timing config:load:file:/usr/local/lib/node_modules/npm/npmrc Completed in 1ms
6 timing config:load:builtin Completed in 1ms
7 timing config:load:cli Completed in 4ms
8 timing config:load:env Completed in 0ms
9 timing config:load:project Completed in 5ms
10 timing config:load:file:/root/.npmrc Completed in 0ms
11 timing config:load:user Completed in 0ms
12 timing config:load:file:/usr/local/etc/npmrc Completed in 0ms
13 timing config:load:global Completed in 0ms
14 timing config:load:validate Completed in 0ms
15 timing config:load:credentials Completed in 0ms
16 timing config:load:setEnvs Completed in 1ms
17 timing config:load Completed in 13ms
18 timing npm:load:configload Completed in 13ms
19 timing npm:load:mkdirpcache Completed in 1ms
20 timing npm:load:mkdirplogs Completed in 0ms
21 verbose title npm exec mix
22 verbose argv "exec" "--" "mix"
23 timing npm:load:setTitle Completed in 1ms
24 timing config:load:flatten Completed in 1ms
25 timing npm:load:display Completed in 2ms
26 verbose logfile logs-max:10 dir:/root/.npm/_logs
27 verbose logfile /root/.npm/_logs/2023-03-25T20_54_42_371Z-debug-0.log
28 timing npm:load:logFile Completed in 7ms
29 timing npm:load:timers Completed in 0ms
30 timing npm:load:configScope Completed in 0ms
31 timing npm:load Completed in 25ms
32 silly logfile start cleaning logs, removing 1 files
33 timing arborist:ctor Completed in 1ms
34 silly logfile done cleaning log files
35 timing arborist:ctor Completed in 0ms
36 http fetch GET 200 https://registry.npmjs.org/mix 868ms (cache miss)
37 timing command:exec Completed in 894ms
38 verbose stack Error: could not determine executable to run
38 verbose stack     at getBinFromManifest (/usr/local/lib/node_modules/npm/node_modules/libnpmexec/lib/get-bin-from-manifest.js:17:23)
38 verbose stack     at exec (/usr/local/lib/node_modules/npm/node_modules/libnpmexec/lib/index.js:173:15)
38 verbose stack     at async module.exports (/usr/local/lib/node_modules/npm/lib/cli.js:78:5)
39 verbose pkgid mix@0.0.1
40 verbose cwd /root
41 verbose Linux 5.15.49-linuxkit
42 verbose node v16.18.0
43 verbose npm  v8.19.2
44 error could not determine executable to run
45 verbose exit 1
46 timing npm Completed in 985ms
47 verbose code 1
48 error A complete log of this run can be found in:
48 error     /root/.npm/_logs/2023-03-25T20_54_42_371Z-debug-0.log
